<?xml version="1.0" encoding="UTF-8"?>
<testsuite xmlns:xsi="http://www.w3.org/2001/XMLSchema-instance" xsi:noNamespaceSchemaLocation="https://maven.apache.org/surefire/maven-surefire-plugin/xsd/surefire-test-report.xsd" name="Setupclass.TestRunner" time="416.772" tests="78" errors="2" skipped="7" failures="0">
  <properties>
[...]
</properties>
  <testcase name="Given User is home pagei" classname="Scenario: Login with existing facebook paid account test" time="0.002"/>
  <testcase name="Then user clicks on the Popular PPTsi" classname="Scenario: Login with existing facebook paid account test" time="0"/>
  <testcase name="Then User try to Download the ppti" classname="Scenario: Login with existing facebook paid account test" time="0"/>
  <testcase name="Then user is on Login pagei" classname="Scenario: Login with existing facebook paid account test" time="0"/>
  <testcase name="And user Enters the username and passwordi" classname="Scenario: Login with existing facebook paid account test" time="0"/>
  <testcase name="Then user clicks on Login buttoni" classname="Scenario: Login with existing facebook paid account test" time="0"/>
  <testcase name="Then user downloads the PPTi" classname="Scenario: Login with existing facebook paid account test" time="0"/>
  <testcase name="Then user clicks on the Logout pagei" classname="Scenario: Login with existing facebook paid account test" time="0"/>
  <testcase name="Then verify the Signout Messagei" classname="Scenario: Login with existing facebook paid account test" time="0"/>
  <testcase name="Scenario: Login with existing facebook paid account test" classname="Scenario: Login with existing facebook paid account test" time="0.001"/>
  <testcase name="Given User is home page_ii" classname="Scenario: Login with facebook free account" time="0"/>
  <testcase name="Then user click on the Free PPts under free stuff_ii" classname="Scenario: Login with facebook free account" time="0"/>
  <testcase name="Then User try to download the free ppts_ii" classname="Scenario: Login with facebook free account" time="0"/>
  <testcase name="Then user is on home page page and click on facebbook button_ii" classname="Scenario: Login with facebook free account" time="0"/>
  <testcase name="And user enters the free username and password_ii" classname="Scenario: Login with facebook free account" time="0"/>
  <testcase name="Then user clicks on Login button_ii" classname="Scenario: Login with facebook free account" time="0"/>
  <testcase name="Then user downloads the free PPT_ii" classname="Scenario: Login with facebook free account" time="0"/>
  <testcase name="Then user clicks on the logout page_ii" classname="Scenario: Login with facebook free account" time="0"/>
  <testcase name="Then verify The Message_ii" classname="Scenario: Login with facebook free account" time="0"/>
  <testcase name="Scenario: Login with facebook free account" classname="Scenario: Login with facebook free account" time="0.002"/>
  <testcase name="Given User is home pageiii" classname="Scenario: Login with Google existing paid account" time="0"/>
  <testcase name="Then user click on the Popular PPTsiii" classname="Scenario: Login with Google existing paid account" time="0"/>
  <testcase name="Then User try to download the pptiii" classname="Scenario: Login with Google existing paid account" time="0"/>
  <testcase name="Then user is on Login page and click on Signin with google buttoniii" classname="Scenario: Login with Google existing paid account" time="0"/>
  <testcase name="And user enters the username and passwordiii" classname="Scenario: Login with Google existing paid account" time="0"/>
  <testcase name="Then user downloads the PPTiii" classname="Scenario: Login with Google existing paid account" time="0"/>
  <testcase name="Then user clicks on the Logout pageiii" classname="Scenario: Login with Google existing paid account" time="0"/>
  <testcase name="Then verify the messageiii" classname="Scenario: Login with Google existing paid account" time="0"/>
  <testcase name="Scenario: Login with Google existing paid account" classname="Scenario: Login with Google existing paid account" time="0.001"/>
  <testcase name="Given User is home pageiiv" classname="Scenario: Login with Google free account" time="0"/>
  <testcase name="Then user click on the Free PPts under free stuffiiv" classname="Scenario: Login with Google free account" time="0"/>
  <testcase name="Then User try to download the free pptsiiv" classname="Scenario: Login with Google free account" time="0"/>
  <testcase name="Then user is on home page page and click on google buttoniiv" classname="Scenario: Login with Google free account" time="0"/>
  <testcase name="And user Enters the free username and passwordiiv" classname="Scenario: Login with Google free account" time="0.005">
    <error message="Expected condition failed: waiting for element to be clickable: By.cssSelector: #password &gt; div.aCsJod.oJeWuf &gt; div &gt; div.Xb9hP &gt; input (tried for 30 second(s) with 500 milliseconds interval)" type="org.openqa.selenium.TimeoutException">org.openqa.selenium.TimeoutException: Expected condition failed: waiting for element to be clickable: By.cssSelector: #password > div.aCsJod.oJeWuf > div > div.Xb9hP > input (tried for 30 second(s) with 500 milliseconds interval)
Caused by: org.openqa.selenium.NoSuchElementException: 
Cannot locate an element using By.cssSelector: #password > div.aCsJod.oJeWuf > div > div.Xb9hP > input
For documentation on this error, please visit: http://seleniumhq.org/exceptions/no_such_element.html
Build info: version: '3.12.0', revision: '7c6e0b3', time: '2018-05-08T14:04:26.12Z'
System info: host: 'SLIDEQA2', ip: '192.168.1.6', os.name: 'Windows 10', os.arch: 'amd64', os.version: '10.0', java.version: '1.8.0_291'
Driver info: driver.version: unknown
</error>
  </testcase>
  <testcase name="Scenario: Login with Google free account" classname="Scenario: Login with Google free account" time="0.005">
    <error message="Expected condition failed: waiting for element to be clickable: By.cssSelector: #password &gt; div.aCsJod.oJeWuf &gt; div &gt; div.Xb9hP &gt; input (tried for 30 second(s) with 500 milliseconds interval)" type="org.openqa.selenium.TimeoutException">org.openqa.selenium.TimeoutException: Expected condition failed: waiting for element to be clickable: By.cssSelector: #password > div.aCsJod.oJeWuf > div > div.Xb9hP > input (tried for 30 second(s) with 500 milliseconds interval)
Caused by: org.openqa.selenium.NoSuchElementException: 
Cannot locate an element using By.cssSelector: #password > div.aCsJod.oJeWuf > div > div.Xb9hP > input
For documentation on this error, please visit: http://seleniumhq.org/exceptions/no_such_element.html
Build info: version: '3.12.0', revision: '7c6e0b3', time: '2018-05-08T14:04:26.12Z'
System info: host: 'SLIDEQA2', ip: '192.168.1.6', os.name: 'Windows 10', os.arch: 'amd64', os.version: '10.0', java.version: '1.8.0_291'
Driver info: driver.version: unknown
</error>
  </testcase>
  <testcase name="Then user downloads the free PPTiiv" classname="Scenario: Login with Google free account" time="0">
    <skipped/>
  </testcase>
  <testcase name="Then user clicks on the Logout pageiiv" classname="Scenario: Login with Google free account" time="0">
    <skipped/>
  </testcase>
  <testcase name="Then verify the messageiiv" classname="Scenario: Login with Google free account" time="0">
    <skipped/>
  </testcase>
  <testcase name="Given User is home page_vi" classname="Scenario: Login with normal paid account" time="0"/>
  <testcase name="Then user click on the Popular PPTs_vi" classname="Scenario: Login with normal paid account" time="0"/>
  <testcase name="Then User try to download the ppt_vi" classname="Scenario: Login with normal paid account" time="0"/>
  <testcase name="Then user is on Login page_vi" classname="Scenario: Login with normal paid account" time="0"/>
  <testcase name="And user enters the username and password_vi" classname="Scenario: Login with normal paid account" time="0"/>
  <testcase name="Then user clicks on Login button_vi" classname="Scenario: Login with normal paid account" time="0"/>
  <testcase name="Then user downloads the PPT_vi" classname="Scenario: Login with normal paid account" time="0"/>
  <testcase name="Then user clicks on the Logout page_vi" classname="Scenario: Login with normal paid account" time="0"/>
  <testcase name="Then verify the message_vi" classname="Scenario: Login with normal paid account" time="0"/>
  <testcase name="Scenario: Login with normal paid account" classname="Scenario: Login with normal paid account" time="0"/>
  <testcase name="Given Now user is on Home Page" classname="Scenario: SLI popup test with escape key" time="0"/>
  <testcase name="Then Enter data in search field" classname="Scenario: SLI popup test with escape key" time="0"/>
  <testcase name="Then press escape key" classname="Scenario: SLI popup test with escape key" time="0"/>
  <testcase name="Then verify the pop-up" classname="Scenario: SLI popup test with escape key" time="0"/>
  <testcase name="Then Click on Sign in button" classname="Scenario: SLI popup test with escape key" time="0"/>
  <testcase name="And Enter free valid username and password" classname="Scenario: SLI popup test with escape key" time="0"/>
  <testcase name="Then enter data in Search field" classname="Scenario: SLI popup test with escape key" time="0">
    <skipped/>
  </testcase>
  <testcase name="Then Press Escape key" classname="Scenario: SLI popup test with escape key" time="0">
    <skipped/>
  </testcase>
  <testcase name="Then verify the Pop-up" classname="Scenario: SLI popup test with escape key" time="0">
    <skipped/>
  </testcase>
  <testcase name="Scenario: SLI popup test with escape key" classname="Scenario: SLI popup test with escape key" time="0">
    <skipped/>
  </testcase>
  <testcase name="Scenario: SLI popup test with escape key" classname="Scenario: SLI popup test with escape key" time="0.002"/>
  <testcase name="Given User is home page_vii" classname="Scenario: SLI search facebook login test" time="0"/>
  <testcase name="Then user will clicks on the sign in with Facebook button_vii" classname="Scenario: SLI search facebook login test" time="0"/>
  <testcase name="And user enters the username and password_vii" classname="Scenario: SLI search facebook login test" time="0"/>
  <testcase name="Then user verify the page after login_vii" classname="Scenario: SLI search facebook login test" time="0"/>
  <testcase name="Then enter keyword in search field_vii" classname="Scenario: SLI search facebook login test" time="0"/>
  <testcase name="Then user selects and download the PPT_vii" classname="Scenario: SLI search facebook login test" time="0"/>
  <testcase name="Then user clicks on the Logout page_vii" classname="Scenario: SLI search facebook login test" time="0"/>
  <testcase name="Then verify the message_vii" classname="Scenario: SLI search facebook login test" time="0"/>
  <testcase name="Scenario: SLI search facebook login test" classname="Scenario: SLI search facebook login test" time="0.001"/>
  <testcase name="Given User is home page_viii" classname="Scenario: SLI search Google login test" time="0"/>
  <testcase name="Then Enter keyword in search field_viii" classname="Scenario: SLI search Google login test" time="0"/>
  <testcase name="Then user will clicks on the sign in with Google button_viii" classname="Scenario: SLI search Google login test" time="0"/>
  <testcase name="And user enters the username and password_viii" classname="Scenario: SLI search Google login test" time="0"/>
  <testcase name="Then user verify the page_viii" classname="Scenario: SLI search Google login test" time="0"/>
  <testcase name="Then enter Keyword in search field_viii" classname="Scenario: SLI search Google login test" time="0"/>
  <testcase name="Then user selects and download the PPT_viii" classname="Scenario: SLI search Google login test" time="0"/>
  <testcase name="Then user clicks on the Logout page_viii" classname="Scenario: SLI search Google login test" time="0"/>
  <testcase name="Then verify the message_viii" classname="Scenario: SLI search Google login test" time="0"/>
  <testcase name="Scenario: SLI search Google login test" classname="Scenario: SLI search Google login test" time="0.001"/>
</testsuite>